[32m[0214 14:28:21 @logger.py:90][0m Argv: C:\Users\Owner\Anaconda3\lib\site-packages\ipykernel_launcher.py -f C:\Users\Owner\AppData\Roaming\jupyter\runtime\kernel-663ab899-3460-4196-b001-420fbfd93988.json
[32m[0214 14:28:21 @model_utils.py:67][0m [36mList of Trainable Variables: 
[0mname                              shape          #elements
--------------------------------  -----------  -----------
gen/LSTM/go:0                     [1, 100]             100
gen/LSTM/lstm_cell/kernel:0       [500, 400]        200000
gen/LSTM/lstm_cell/bias:0         [400]                400
gen/LSTM/00/FC/W:0                [100, 100]         10000
gen/LSTM/00/FC/b:0                [100]                100
gen/LSTM/00/FC2/W:0               [100, 1]             100
gen/LSTM/00/FC2/b:0               [1]                    1
gen/LSTM/00/attw:0                [1, 1, 1]              1
gen/LSTM/01/FC/W:0                [100, 100]         10000
gen/LSTM/01/FC/b:0                [100]                100
gen/LSTM/01/FC2/W:0               [100, 5]             500
gen/LSTM/01/FC2/b:0               [5]                    5
gen/LSTM/01/FC3/W:0               [5, 100]             500
gen/LSTM/01/FC3/b:0               [100]                100
gen/LSTM/01/attw:0                [2, 1, 1]              2
gen/LSTM/02/FC/W:0                [100, 100]         10000
gen/LSTM/02/FC/b:0                [100]                100
gen/LSTM/02/FC2/W:0               [100, 1]             100
gen/LSTM/02/FC2/b:0               [1]                    1
gen/LSTM/02/attw:0                [3, 1, 1]              3
gen/LSTM/03/FC/W:0                [100, 100]         10000
gen/LSTM/03/FC/b:0                [100]                100
gen/LSTM/03/FC2/W:0               [100, 5]             500
gen/LSTM/03/FC2/b:0               [5]                    5
gen/LSTM/03/FC3/W:0               [5, 100]             500
gen/LSTM/03/FC3/b:0               [100]                100
gen/LSTM/03/attw:0                [4, 1, 1]              4
gen/LSTM/04/FC/W:0                [100, 100]         10000
gen/LSTM/04/FC/b:0                [100]                100
gen/LSTM/04/FC2/W:0               [100, 1]             100
gen/LSTM/04/FC2/b:0               [1]                    1
gen/LSTM/04/attw:0                [5, 1, 1]              5
gen/LSTM/05/FC/W:0                [100, 100]         10000
gen/LSTM/05/FC/b:0                [100]                100
gen/LSTM/05/FC2/W:0               [100, 5]             500
gen/LSTM/05/FC2/b:0               [5]                    5
gen/LSTM/05/FC3/W:0               [5, 100]             500
gen/LSTM/05/FC3/b:0               [100]                100
gen/LSTM/05/attw:0                [6, 1, 1]              6
gen/LSTM/06/FC/W:0                [100, 100]         10000
gen/LSTM/06/FC/b:0                [100]                100
gen/LSTM/06/FC2/W:0               [100, 1]             100
gen/LSTM/06/FC2/b:0               [1]                    1
gen/LSTM/06/attw:0                [7, 1, 1]              7
gen/LSTM/07/FC/W:0                [100, 100]         10000
gen/LSTM/07/FC/b:0                [100]                100
gen/LSTM/07/FC2/W:0               [100, 5]             500
gen/LSTM/07/FC2/b:0               [5]                    5
gen/LSTM/07/FC3/W:0               [5, 100]             500
gen/LSTM/07/FC3/b:0               [100]                100
gen/LSTM/07/attw:0                [8, 1, 1]              8
gen/LSTM/08/FC/W:0                [100, 100]         10000
gen/LSTM/08/FC/b:0                [100]                100
gen/LSTM/08/FC2/W:0               [100, 2]             200
gen/LSTM/08/FC2/b:0               [2]                    2
gen/LSTM/08/FC3/W:0               [2, 100]             200
gen/LSTM/08/FC3/b:0               [100]                100
gen/LSTM/08/attw:0                [9, 1, 1]              9
gen/LSTM/09/FC/W:0                [100, 100]         10000
gen/LSTM/09/FC/b:0                [100]                100
gen/LSTM/09/FC2/W:0               [100, 12]           1200
gen/LSTM/09/FC2/b:0               [12]                  12
gen/LSTM/09/FC3/W:0               [12, 100]           1200
gen/LSTM/09/FC3/b:0               [100]                100
gen/LSTM/09/attw:0                [10, 1, 1]            10
gen/LSTM/10/FC/W:0                [100, 100]         10000
gen/LSTM/10/FC/b:0                [100]                100
gen/LSTM/10/FC2/W:0               [100, 52]           5200
gen/LSTM/10/FC2/b:0               [52]                  52
gen/LSTM/10/FC3/W:0               [52, 100]           5200
gen/LSTM/10/FC3/b:0               [100]                100
gen/LSTM/10/attw:0                [11, 1, 1]            11
gen/LSTM/11/FC/W:0                [100, 100]         10000
gen/LSTM/11/FC/b:0                [100]                100
gen/LSTM/11/FC2/W:0               [100, 31]           3100
gen/LSTM/11/FC2/b:0               [31]                  31
gen/LSTM/11/FC3/W:0               [31, 100]           3100
gen/LSTM/11/FC3/b:0               [100]                100
gen/LSTM/11/attw:0                [12, 1, 1]            12
gen/LSTM/12/FC/W:0                [100, 100]         10000
gen/LSTM/12/FC/b:0                [100]                100
gen/LSTM/12/FC2/W:0               [100, 7]             700
gen/LSTM/12/FC2/b:0               [7]                    7
gen/LSTM/12/FC3/W:0               [7, 100]             700
gen/LSTM/12/FC3/b:0               [100]                100
gen/LSTM/12/attw:0                [13, 1, 1]            13
gen/LSTM/13/FC/W:0                [100, 100]         10000
gen/LSTM/13/FC/b:0                [100]                100
gen/LSTM/13/FC2/W:0               [100, 2]             200
gen/LSTM/13/FC2/b:0               [2]                    2
gen/LSTM/13/FC3/W:0               [2, 100]             200
gen/LSTM/13/FC3/b:0               [100]                100
gen/LSTM/13/attw:0                [14, 1, 1]            14
gen/LSTM/14/FC/W:0                [100, 100]         10000
gen/LSTM/14/FC/b:0                [100]                100
gen/LSTM/14/FC2/W:0               [100, 12]           1200
gen/LSTM/14/FC2/b:0               [12]                  12
gen/LSTM/14/FC3/W:0               [12, 100]           1200
gen/LSTM/14/FC3/b:0               [100]                100
gen/LSTM/14/attw:0                [15, 1, 1]            15
gen/LSTM/15/FC/W:0                [100, 100]         10000
gen/LSTM/15/FC/b:0                [100]                100
gen/LSTM/15/FC2/W:0               [100, 52]           5200
gen/LSTM/15/FC2/b:0               [52]                  52
gen/LSTM/15/FC3/W:0               [52, 100]           5200
gen/LSTM/15/FC3/b:0               [100]                100
gen/LSTM/15/attw:0                [16, 1, 1]            16
gen/LSTM/16/FC/W:0                [100, 100]         10000
gen/LSTM/16/FC/b:0                [100]                100
gen/LSTM/16/FC2/W:0               [100, 31]           3100
gen/LSTM/16/FC2/b:0               [31]                  31
gen/LSTM/16/FC3/W:0               [31, 100]           3100
gen/LSTM/16/FC3/b:0               [100]                100
gen/LSTM/16/attw:0                [17, 1, 1]            17
gen/LSTM/17/FC/W:0                [100, 100]         10000
gen/LSTM/17/FC/b:0                [100]                100
gen/LSTM/17/FC2/W:0               [100, 7]             700
gen/LSTM/17/FC2/b:0               [7]                    7
gen/LSTM/17/FC3/W:0               [7, 100]             700
gen/LSTM/17/FC3/b:0               [100]                100
gen/LSTM/17/attw:0                [18, 1, 1]            18
gen/LSTM/18/FC/W:0                [100, 100]         10000
gen/LSTM/18/FC/b:0                [100]                100
gen/LSTM/18/FC2/W:0               [100, 1]             100
gen/LSTM/18/FC2/b:0               [1]                    1
gen/LSTM/18/FC3/W:0               [1, 100]             100
gen/LSTM/18/FC3/b:0               [100]                100
gen/LSTM/18/attw:0                [19, 1, 1]            19
gen/LSTM/19/FC/W:0                [100, 100]         10000
gen/LSTM/19/FC/b:0                [100]                100
gen/LSTM/19/FC2/W:0               [100, 1]             100
gen/LSTM/19/FC2/b:0               [1]                    1
gen/LSTM/19/FC3/W:0               [1, 100]             100
gen/LSTM/19/FC3/b:0               [100]                100
gen/LSTM/19/attw:0                [20, 1, 1]            20
gen/LSTM/20/FC/W:0                [100, 100]         10000
gen/LSTM/20/FC/b:0                [100]                100
gen/LSTM/20/FC2/W:0               [100, 1]             100
gen/LSTM/20/FC2/b:0               [1]                    1
gen/LSTM/20/FC3/W:0               [1, 100]             100
gen/LSTM/20/FC3/b:0               [100]                100
gen/LSTM/20/attw:0                [21, 1, 1]            21
gen/LSTM/21/FC/W:0                [100, 100]         10000
gen/LSTM/21/FC/b:0                [100]                100
gen/LSTM/21/FC2/W:0               [100, 1]             100
gen/LSTM/21/FC2/b:0               [1]                    1
gen/LSTM/21/FC3/W:0               [1, 100]             100
gen/LSTM/21/FC3/b:0               [100]                100
gen/LSTM/21/attw:0                [22, 1, 1]            22
gen/LSTM/22/FC/W:0                [100, 100]         10000
gen/LSTM/22/FC/b:0                [100]                100
gen/LSTM/22/FC2/W:0               [100, 1]             100
gen/LSTM/22/FC2/b:0               [1]                    1
gen/LSTM/22/FC3/W:0               [1, 100]             100
gen/LSTM/22/FC3/b:0               [100]                100
gen/LSTM/22/attw:0                [23, 1, 1]            23
gen/LSTM/23/FC/W:0                [100, 100]         10000
gen/LSTM/23/FC/b:0                [100]                100
gen/LSTM/23/FC2/W:0               [100, 1]             100
gen/LSTM/23/FC2/b:0               [1]                    1
gen/LSTM/23/FC3/W:0               [1, 100]             100
gen/LSTM/23/FC3/b:0               [100]                100
gen/LSTM/23/attw:0                [24, 1, 1]            24
gen/LSTM/24/FC/W:0                [100, 100]         10000
gen/LSTM/24/FC/b:0                [100]                100
gen/LSTM/24/FC2/W:0               [100, 1]             100
gen/LSTM/24/FC2/b:0               [1]                    1
gen/LSTM/24/FC3/W:0               [1, 100]             100
gen/LSTM/24/FC3/b:0               [100]                100
gen/LSTM/24/attw:0                [25, 1, 1]            25
gen/LSTM/25/FC/W:0                [100, 100]         10000
gen/LSTM/25/FC/b:0                [100]                100
gen/LSTM/25/FC2/W:0               [100, 1]             100
gen/LSTM/25/FC2/b:0               [1]                    1
gen/LSTM/25/FC3/W:0               [1, 100]             100
gen/LSTM/25/FC3/b:0               [100]                100
gen/LSTM/25/attw:0                [26, 1, 1]            26
gen/LSTM/26/FC/W:0                [100, 100]         10000
gen/LSTM/26/FC/b:0                [100]                100
gen/LSTM/26/FC2/W:0               [100, 1]             100
gen/LSTM/26/FC2/b:0               [1]                    1
gen/LSTM/26/FC3/W:0               [1, 100]             100
gen/LSTM/26/FC3/b:0               [100]                100
gen/LSTM/26/attw:0                [27, 1, 1]            27
gen/LSTM/27/FC/W:0                [100, 100]         10000
gen/LSTM/27/FC/b:0                [100]                100
gen/LSTM/27/FC2/W:0               [100, 1]             100
gen/LSTM/27/FC2/b:0               [1]                    1
gen/LSTM/27/FC3/W:0               [1, 100]             100
gen/LSTM/27/FC3/b:0               [100]                100
gen/LSTM/27/attw:0                [28, 1, 1]            28
gen/LSTM/28/FC/W:0                [100, 100]         10000
gen/LSTM/28/FC/b:0                [100]                100
gen/LSTM/28/FC2/W:0               [100, 2]             200
gen/LSTM/28/FC2/b:0               [2]                    2
gen/LSTM/28/FC3/W:0               [2, 100]             200
gen/LSTM/28/FC3/b:0               [100]                100
gen/LSTM/28/attw:0                [29, 1, 1]            29
gen/LSTM/29/FC/W:0                [100, 100]         10000
gen/LSTM/29/FC/b:0                [100]                100
gen/LSTM/29/FC2/W:0               [100, 2]             200
gen/LSTM/29/FC2/b:0               [2]                    2
gen/LSTM/29/FC3/W:0               [2, 100]             200
gen/LSTM/29/FC3/b:0               [100]                100
gen/LSTM/29/attw:0                [30, 1, 1]            30
gen/LSTM/30/FC/W:0                [100, 100]         10000
gen/LSTM/30/FC/b:0                [100]                100
gen/LSTM/30/FC2/W:0               [100, 2]             200
gen/LSTM/30/FC2/b:0               [2]                    2
gen/LSTM/30/FC3/W:0               [2, 100]             200
gen/LSTM/30/FC3/b:0               [100]                100
gen/LSTM/30/attw:0                [31, 1, 1]            31
gen/LSTM/31/FC/W:0                [100, 100]         10000
gen/LSTM/31/FC/b:0                [100]                100
gen/LSTM/31/FC2/W:0               [100, 2]             200
gen/LSTM/31/FC2/b:0               [2]                    2
gen/LSTM/31/FC3/W:0               [2, 100]             200
gen/LSTM/31/FC3/b:0               [100]                100
gen/LSTM/31/attw:0                [32, 1, 1]            32
gen/LSTM/32/FC/W:0                [100, 100]         10000
gen/LSTM/32/FC/b:0                [100]                100
gen/LSTM/32/FC2/W:0               [100, 2]             200
gen/LSTM/32/FC2/b:0               [2]                    2
gen/LSTM/32/FC3/W:0               [2, 100]             200
gen/LSTM/32/FC3/b:0               [100]                100
gen/LSTM/32/attw:0                [33, 1, 1]            33
gen/LSTM/33/FC/W:0                [100, 100]         10000
gen/LSTM/33/FC/b:0                [100]                100
gen/LSTM/33/FC2/W:0               [100, 2]             200
gen/LSTM/33/FC2/b:0               [2]                    2
gen/LSTM/33/FC3/W:0               [2, 100]             200
gen/LSTM/33/FC3/b:0               [100]                100
gen/LSTM/33/attw:0                [34, 1, 1]            34
gen/LSTM/34/FC/W:0                [100, 100]         10000
gen/LSTM/34/FC/b:0                [100]                100
gen/LSTM/34/FC2/W:0               [100, 2]             200
gen/LSTM/34/FC2/b:0               [2]                    2
gen/LSTM/34/FC3/W:0               [2, 100]             200
gen/LSTM/34/FC3/b:0               [100]                100
gen/LSTM/34/attw:0                [35, 1, 1]            35
gen/LSTM/35/FC/W:0                [100, 100]         10000
gen/LSTM/35/FC/b:0                [100]                100
gen/LSTM/35/FC2/W:0               [100, 2]             200
gen/LSTM/35/FC2/b:0               [2]                    2
gen/LSTM/35/FC3/W:0               [2, 100]             200
gen/LSTM/35/FC3/b:0               [100]                100
gen/LSTM/35/attw:0                [36, 1, 1]            36
gen/LSTM/36/FC/W:0                [100, 100]         10000
gen/LSTM/36/FC/b:0                [100]                100
gen/LSTM/36/FC2/W:0               [100, 2]             200
gen/LSTM/36/FC2/b:0               [2]                    2
gen/LSTM/36/FC3/W:0               [2, 100]             200
gen/LSTM/36/FC3/b:0               [100]                100
gen/LSTM/36/attw:0                [37, 1, 1]            37
gen/LSTM/37/FC/W:0                [100, 100]         10000
gen/LSTM/37/FC/b:0                [100]                100
gen/LSTM/37/FC2/W:0               [100, 2]             200
gen/LSTM/37/FC2/b:0               [2]                    2
gen/LSTM/37/FC3/W:0               [2, 100]             200
gen/LSTM/37/FC3/b:0               [100]                100
gen/LSTM/37/attw:0                [38, 1, 1]            38
gen/LSTM/38/FC/W:0                [100, 100]         10000
gen/LSTM/38/FC/b:0                [100]                100
gen/LSTM/38/FC2/W:0               [100, 2]             200
gen/LSTM/38/FC2/b:0               [2]                    2
gen/LSTM/38/FC3/W:0               [2, 100]             200
gen/LSTM/38/FC3/b:0               [100]                100
gen/LSTM/38/attw:0                [39, 1, 1]            39
gen/LSTM/39/FC/W:0                [100, 100]         10000
gen/LSTM/39/FC/b:0                [100]                100
gen/LSTM/39/FC2/W:0               [100, 2]             200
gen/LSTM/39/FC2/b:0               [2]                    2
gen/LSTM/39/FC3/W:0               [2, 100]             200
gen/LSTM/39/FC3/b:0               [100]                100
gen/LSTM/39/attw:0                [40, 1, 1]            40
gen/LSTM/40/FC/W:0                [100, 100]         10000
gen/LSTM/40/FC/b:0                [100]                100
gen/LSTM/40/FC2/W:0               [100, 2]             200
gen/LSTM/40/FC2/b:0               [2]                    2
gen/LSTM/40/FC3/W:0               [2, 100]             200
gen/LSTM/40/FC3/b:0               [100]                100
gen/LSTM/40/attw:0                [41, 1, 1]            41
gen/LSTM/41/FC/W:0                [100, 100]         10000
gen/LSTM/41/FC/b:0                [100]                100
gen/LSTM/41/FC2/W:0               [100, 2]             200
gen/LSTM/41/FC2/b:0               [2]                    2
gen/LSTM/41/FC3/W:0               [2, 100]             200
gen/LSTM/41/FC3/b:0               [100]                100
gen/LSTM/41/attw:0                [42, 1, 1]            42
gen/LSTM/42/FC/W:0                [100, 100]         10000
gen/LSTM/42/FC/b:0                [100]                100
gen/LSTM/42/FC2/W:0               [100, 2]             200
gen/LSTM/42/FC2/b:0               [2]                    2
gen/LSTM/42/FC3/W:0               [2, 100]             200
gen/LSTM/42/FC3/b:0               [100]                100
gen/LSTM/42/attw:0                [43, 1, 1]            43
gen/LSTM/43/FC/W:0                [100, 100]         10000
gen/LSTM/43/FC/b:0                [100]                100
gen/LSTM/43/FC2/W:0               [100, 2]             200
gen/LSTM/43/FC2/b:0               [2]                    2
gen/LSTM/43/FC3/W:0               [2, 100]             200
gen/LSTM/43/FC3/b:0               [100]                100
gen/LSTM/43/attw:0                [44, 1, 1]            44
gen/LSTM/44/FC/W:0                [100, 100]         10000
gen/LSTM/44/FC/b:0                [100]                100
gen/LSTM/44/FC2/W:0               [100, 2]             200
gen/LSTM/44/FC2/b:0               [2]                    2
gen/LSTM/44/FC3/W:0               [2, 100]             200
gen/LSTM/44/FC3/b:0               [100]                100
gen/LSTM/44/attw:0                [45, 1, 1]            45
gen/LSTM/45/FC/W:0                [100, 100]         10000
gen/LSTM/45/FC/b:0                [100]                100
gen/LSTM/45/FC2/W:0               [100, 2]             200
gen/LSTM/45/FC2/b:0               [2]                    2
gen/LSTM/45/FC3/W:0               [2, 100]             200
gen/LSTM/45/FC3/b:0               [100]                100
gen/LSTM/45/attw:0                [46, 1, 1]            46
gen/LSTM/46/FC/W:0                [100, 100]         10000
gen/LSTM/46/FC/b:0                [100]                100
gen/LSTM/46/FC2/W:0               [100, 2]             200
gen/LSTM/46/FC2/b:0               [2]                    2
gen/LSTM/46/FC3/W:0               [2, 100]             200
gen/LSTM/46/FC3/b:0               [100]                100
gen/LSTM/46/attw:0                [47, 1, 1]            47
gen/LSTM/47/FC/W:0                [100, 100]         10000
gen/LSTM/47/FC/b:0                [100]                100
gen/LSTM/47/FC2/W:0               [100, 1]             100
gen/LSTM/47/FC2/b:0               [1]                    1
gen/LSTM/47/FC3/W:0               [1, 100]             100
gen/LSTM/47/FC3/b:0               [100]                100
gen/LSTM/47/attw:0                [48, 1, 1]            48
gen/LSTM/48/FC/W:0                [100, 100]         10000
gen/LSTM/48/FC/b:0                [100]                100
gen/LSTM/48/FC2/W:0               [100, 2]             200
gen/LSTM/48/FC2/b:0               [2]                    2
gen/LSTM/48/FC3/W:0               [2, 100]             200
gen/LSTM/48/FC3/b:0               [100]                100
gen/LSTM/48/attw:0                [49, 1, 1]            49
gen/LSTM/49/FC/W:0                [100, 100]         10000
gen/LSTM/49/FC/b:0                [100]                100
gen/LSTM/49/FC2/W:0               [100, 2]             200
gen/LSTM/49/FC2/b:0               [2]                    2
gen/LSTM/49/FC3/W:0               [2, 100]             200
gen/LSTM/49/FC3/b:0               [100]                100
gen/LSTM/49/attw:0                [50, 1, 1]            50
gen/LSTM/50/FC/W:0                [100, 100]         10000
gen/LSTM/50/FC/b:0                [100]                100
gen/LSTM/50/FC2/W:0               [100, 1]             100
gen/LSTM/50/FC2/b:0               [1]                    1
gen/LSTM/50/FC3/W:0               [1, 100]             100
gen/LSTM/50/FC3/b:0               [100]                100
gen/LSTM/50/attw:0                [51, 1, 1]            51
gen/LSTM/51/FC/W:0                [100, 100]         10000
gen/LSTM/51/FC/b:0                [100]                100
gen/LSTM/51/FC2/W:0               [100, 2]             200
gen/LSTM/51/FC2/b:0               [2]                    2
gen/LSTM/51/FC3/W:0               [2, 100]             200
gen/LSTM/51/FC3/b:0               [100]                100
gen/LSTM/51/attw:0                [52, 1, 1]            52
gen/LSTM/52/FC/W:0                [100, 100]         10000
gen/LSTM/52/FC/b:0                [100]                100
gen/LSTM/52/FC2/W:0               [100, 2]             200
gen/LSTM/52/FC2/b:0               [2]                    2
gen/LSTM/52/FC3/W:0               [2, 100]             200
gen/LSTM/52/FC3/b:0               [100]                100
gen/LSTM/52/attw:0                [53, 1, 1]            53
gen/LSTM/53/FC/W:0                [100, 100]         10000
gen/LSTM/53/FC/b:0                [100]                100
gen/LSTM/53/FC2/W:0               [100, 2]             200
gen/LSTM/53/FC2/b:0               [2]                    2
gen/LSTM/53/FC3/W:0               [2, 100]             200
gen/LSTM/53/FC3/b:0               [100]                100
gen/LSTM/53/attw:0                [54, 1, 1]            54
gen/LSTM/54/FC/W:0                [100, 100]         10000
gen/LSTM/54/FC/b:0                [100]                100
gen/LSTM/54/FC2/W:0               [100, 2]             200
gen/LSTM/54/FC2/b:0               [2]                    2
gen/LSTM/54/FC3/W:0               [2, 100]             200
gen/LSTM/54/FC3/b:0               [100]                100
gen/LSTM/54/attw:0                [55, 1, 1]            55
gen/LSTM/55/FC/W:0                [100, 100]         10000
gen/LSTM/55/FC/b:0                [100]                100
gen/LSTM/55/FC2/W:0               [100, 2]             200
gen/LSTM/55/FC2/b:0               [2]                    2
gen/LSTM/55/FC3/W:0               [2, 100]             200
gen/LSTM/55/FC3/b:0               [100]                100
gen/LSTM/55/attw:0                [56, 1, 1]            56
gen/LSTM/56/FC/W:0                [100, 100]         10000
gen/LSTM/56/FC/b:0                [100]                100
gen/LSTM/56/FC2/W:0               [100, 2]             200
gen/LSTM/56/FC2/b:0               [2]                    2
gen/LSTM/56/FC3/W:0               [2, 100]             200
gen/LSTM/56/FC3/b:0               [100]                100
gen/LSTM/56/attw:0                [57, 1, 1]            57
gen/LSTM/57/FC/W:0                [100, 100]         10000
gen/LSTM/57/FC/b:0                [100]                100
gen/LSTM/57/FC2/W:0               [100, 2]             200
gen/LSTM/57/FC2/b:0               [2]                    2
gen/LSTM/57/FC3/W:0               [2, 100]             200
gen/LSTM/57/FC3/b:0               [100]                100
gen/LSTM/57/attw:0                [58, 1, 1]            58
gen/LSTM/58/FC/W:0                [100, 100]         10000
gen/LSTM/58/FC/b:0                [100]                100
gen/LSTM/58/FC2/W:0               [100, 2]             200
gen/LSTM/58/FC2/b:0               [2]                    2
gen/LSTM/58/FC3/W:0               [2, 100]             200
gen/LSTM/58/FC3/b:0               [100]                100
gen/LSTM/58/attw:0                [59, 1, 1]            59
gen/LSTM/59/FC/W:0                [100, 100]         10000
gen/LSTM/59/FC/b:0                [100]                100
gen/LSTM/59/FC2/W:0               [100, 2]             200
gen/LSTM/59/FC2/b:0               [2]                    2
gen/LSTM/59/FC3/W:0               [2, 100]             200
gen/LSTM/59/FC3/b:0               [100]                100
gen/LSTM/59/attw:0                [60, 1, 1]            60
gen/LSTM/60/FC/W:0                [100, 100]         10000
gen/LSTM/60/FC/b:0                [100]                100
gen/LSTM/60/FC2/W:0               [100, 2]             200
gen/LSTM/60/FC2/b:0               [2]                    2
gen/LSTM/60/FC3/W:0               [2, 100]             200
gen/LSTM/60/FC3/b:0               [100]                100
gen/LSTM/60/attw:0                [61, 1, 1]            61
gen/LSTM/61/FC/W:0                [100, 100]         10000
gen/LSTM/61/FC/b:0                [100]                100
gen/LSTM/61/FC2/W:0               [100, 2]             200
gen/LSTM/61/FC2/b:0               [2]                    2
gen/LSTM/61/FC3/W:0               [2, 100]             200
gen/LSTM/61/FC3/b:0               [100]                100
gen/LSTM/61/attw:0                [62, 1, 1]            62
gen/LSTM/62/FC/W:0                [100, 100]         10000
gen/LSTM/62/FC/b:0                [100]                100
gen/LSTM/62/FC2/W:0               [100, 2]             200
gen/LSTM/62/FC2/b:0               [2]                    2
gen/LSTM/62/FC3/W:0               [2, 100]             200
gen/LSTM/62/FC3/b:0               [100]                100
gen/LSTM/62/attw:0                [63, 1, 1]            63
gen/LSTM/63/FC/W:0                [100, 100]         10000
gen/LSTM/63/FC/b:0                [100]                100
gen/LSTM/63/FC2/W:0               [100, 2]             200
gen/LSTM/63/FC2/b:0               [2]                    2
gen/LSTM/63/FC3/W:0               [2, 100]             200
gen/LSTM/63/FC3/b:0               [100]                100
gen/LSTM/63/attw:0                [64, 1, 1]            64
gen/LSTM/64/FC/W:0                [100, 100]         10000
gen/LSTM/64/FC/b:0                [100]                100
gen/LSTM/64/FC2/W:0               [100, 2]             200
gen/LSTM/64/FC2/b:0               [2]                    2
gen/LSTM/64/FC3/W:0               [2, 100]             200
gen/LSTM/64/FC3/b:0               [100]                100
gen/LSTM/64/attw:0                [65, 1, 1]            65
gen/LSTM/65/FC/W:0                [100, 100]         10000
gen/LSTM/65/FC/b:0                [100]                100
gen/LSTM/65/FC2/W:0               [100, 2]             200
gen/LSTM/65/FC2/b:0               [2]                    2
gen/LSTM/65/FC3/W:0               [2, 100]             200
gen/LSTM/65/FC3/b:0               [100]                100
gen/LSTM/65/attw:0                [66, 1, 1]            66
gen/LSTM/66/FC/W:0                [100, 100]         10000
gen/LSTM/66/FC/b:0                [100]                100
gen/LSTM/66/FC2/W:0               [100, 1]             100
gen/LSTM/66/FC2/b:0               [1]                    1
gen/LSTM/66/FC3/W:0               [1, 100]             100
gen/LSTM/66/FC3/b:0               [100]                100
gen/LSTM/66/attw:0                [67, 1, 1]            67
gen/LSTM/67/FC/W:0                [100, 100]         10000
gen/LSTM/67/FC/b:0                [100]                100
gen/LSTM/67/FC2/W:0               [100, 1]             100
gen/LSTM/67/FC2/b:0               [1]                    1
gen/LSTM/67/FC3/W:0               [1, 100]             100
gen/LSTM/67/FC3/b:0               [100]                100
gen/LSTM/67/attw:0                [68, 1, 1]            68
gen/LSTM/68/FC/W:0                [100, 100]         10000
gen/LSTM/68/FC/b:0                [100]                100
gen/LSTM/68/FC2/W:0               [100, 2]             200
gen/LSTM/68/FC2/b:0               [2]                    2
gen/LSTM/68/FC3/W:0               [2, 100]             200
gen/LSTM/68/FC3/b:0               [100]                100
gen/LSTM/68/attw:0                [69, 1, 1]            69
gen/LSTM/69/FC/W:0                [100, 100]         10000
gen/LSTM/69/FC/b:0                [100]                100
gen/LSTM/69/FC2/W:0               [100, 2]             200
gen/LSTM/69/FC2/b:0               [2]                    2
gen/LSTM/69/FC3/W:0               [2, 100]             200
gen/LSTM/69/FC3/b:0               [100]                100
gen/LSTM/69/attw:0                [70, 1, 1]            70
gen/LSTM/70/FC/W:0                [100, 100]         10000
gen/LSTM/70/FC/b:0                [100]                100
gen/LSTM/70/FC2/W:0               [100, 2]             200
gen/LSTM/70/FC2/b:0               [2]                    2
gen/LSTM/70/FC3/W:0               [2, 100]             200
gen/LSTM/70/FC3/b:0               [100]                100
gen/LSTM/70/attw:0                [71, 1, 1]            71
gen/LSTM/71/FC/W:0                [100, 100]         10000
gen/LSTM/71/FC/b:0                [100]                100
gen/LSTM/71/FC2/W:0               [100, 2]             200
gen/LSTM/71/FC2/b:0               [2]                    2
gen/LSTM/71/FC3/W:0               [2, 100]             200
gen/LSTM/71/FC3/b:0               [100]                100
gen/LSTM/71/attw:0                [72, 1, 1]            72
gen/LSTM/72/FC/W:0                [100, 100]         10000
gen/LSTM/72/FC/b:0                [100]                100
gen/LSTM/72/FC2/W:0               [100, 2]             200
gen/LSTM/72/FC2/b:0               [2]                    2
gen/LSTM/72/FC3/W:0               [2, 100]             200
gen/LSTM/72/FC3/b:0               [100]                100
gen/LSTM/72/attw:0                [73, 1, 1]            73
gen/LSTM/73/FC/W:0                [100, 100]         10000
gen/LSTM/73/FC/b:0                [100]                100
gen/LSTM/73/FC2/W:0               [100, 2]             200
gen/LSTM/73/FC2/b:0               [2]                    2
gen/LSTM/73/FC3/W:0               [2, 100]             200
gen/LSTM/73/FC3/b:0               [100]                100
gen/LSTM/73/attw:0                [74, 1, 1]            74
gen/LSTM/74/FC/W:0                [100, 100]         10000
gen/LSTM/74/FC/b:0                [100]                100
gen/LSTM/74/FC2/W:0               [100, 2]             200
gen/LSTM/74/FC2/b:0               [2]                    2
gen/LSTM/74/FC3/W:0               [2, 100]             200
gen/LSTM/74/FC3/b:0               [100]                100
gen/LSTM/74/attw:0                [75, 1, 1]            75
gen/LSTM/75/FC/W:0                [100, 100]         10000
gen/LSTM/75/FC/b:0                [100]                100
gen/LSTM/75/FC2/W:0               [100, 2]             200
gen/LSTM/75/FC2/b:0               [2]                    2
gen/LSTM/75/FC3/W:0               [2, 100]             200
gen/LSTM/75/FC3/b:0               [100]                100
gen/LSTM/75/attw:0                [76, 1, 1]            76
gen/LSTM/76/FC/W:0                [100, 100]         10000
gen/LSTM/76/FC/b:0                [100]                100
gen/LSTM/76/FC2/W:0               [100, 2]             200
gen/LSTM/76/FC2/b:0               [2]                    2
gen/LSTM/76/FC3/W:0               [2, 100]             200
gen/LSTM/76/FC3/b:0               [100]                100
gen/LSTM/76/attw:0                [77, 1, 1]            77
gen/LSTM/77/FC/W:0                [100, 100]         10000
gen/LSTM/77/FC/b:0                [100]                100
gen/LSTM/77/FC2/W:0               [100, 2]             200
gen/LSTM/77/FC2/b:0               [2]                    2
gen/LSTM/77/FC3/W:0               [2, 100]             200
gen/LSTM/77/FC3/b:0               [100]                100
gen/LSTM/77/attw:0                [78, 1, 1]            78
gen/LSTM/78/FC/W:0                [100, 100]         10000
gen/LSTM/78/FC/b:0                [100]                100
gen/LSTM/78/FC2/W:0               [100, 2]             200
gen/LSTM/78/FC2/b:0               [2]                    2
gen/LSTM/78/FC3/W:0               [2, 100]             200
gen/LSTM/78/FC3/b:0               [100]                100
gen/LSTM/78/attw:0                [79, 1, 1]            79
gen/LSTM/79/FC/W:0                [100, 100]         10000
gen/LSTM/79/FC/b:0                [100]                100
gen/LSTM/79/FC2/W:0               [100, 2]             200
gen/LSTM/79/FC2/b:0               [2]                    2
gen/LSTM/79/FC3/W:0               [2, 100]             200
gen/LSTM/79/FC3/b:0               [100]                100
gen/LSTM/79/attw:0                [80, 1, 1]            80
gen/LSTM/80/FC/W:0                [100, 100]         10000
gen/LSTM/80/FC/b:0                [100]                100
gen/LSTM/80/FC2/W:0               [100, 2]             200
gen/LSTM/80/FC2/b:0               [2]                    2
gen/LSTM/80/FC3/W:0               [2, 100]             200
gen/LSTM/80/FC3/b:0               [100]                100
gen/LSTM/80/attw:0                [81, 1, 1]            81
gen/LSTM/81/FC/W:0                [100, 100]         10000
gen/LSTM/81/FC/b:0                [100]                100
gen/LSTM/81/FC2/W:0               [100, 2]             200
gen/LSTM/81/FC2/b:0               [2]                    2
gen/LSTM/81/FC3/W:0               [2, 100]             200
gen/LSTM/81/FC3/b:0               [100]                100
gen/LSTM/81/attw:0                [82, 1, 1]            82
gen/LSTM/82/FC/W:0                [100, 100]         10000
gen/LSTM/82/FC/b:0                [100]                100
gen/LSTM/82/FC2/W:0               [100, 2]             200
gen/LSTM/82/FC2/b:0               [2]                    2
gen/LSTM/82/FC3/W:0               [2, 100]             200
gen/LSTM/82/FC3/b:0               [100]                100
gen/LSTM/82/attw:0                [83, 1, 1]            83
gen/LSTM/83/FC/W:0                [100, 100]         10000
gen/LSTM/83/FC/b:0                [100]                100
gen/LSTM/83/FC2/W:0               [100, 2]             200
gen/LSTM/83/FC2/b:0               [2]                    2
gen/LSTM/83/FC3/W:0               [2, 100]             200
gen/LSTM/83/FC3/b:0               [100]                100
gen/LSTM/83/attw:0                [84, 1, 1]            84
gen/LSTM/84/FC/W:0                [100, 100]         10000
gen/LSTM/84/FC/b:0                [100]                100
gen/LSTM/84/FC2/W:0               [100, 2]             200
gen/LSTM/84/FC2/b:0               [2]                    2
gen/LSTM/84/FC3/W:0               [2, 100]             200
gen/LSTM/84/FC3/b:0               [100]                100
gen/LSTM/84/attw:0                [85, 1, 1]            85
gen/LSTM/85/FC/W:0                [100, 100]         10000
gen/LSTM/85/FC/b:0                [100]                100
gen/LSTM/85/FC2/W:0               [100, 2]             200
gen/LSTM/85/FC2/b:0               [2]                    2
gen/LSTM/85/FC3/W:0               [2, 100]             200
gen/LSTM/85/FC3/b:0               [100]                100
gen/LSTM/85/attw:0                [86, 1, 1]            86
gen/LSTM/86/FC/W:0                [100, 100]         10000
gen/LSTM/86/FC/b:0                [100]                100
gen/LSTM/86/FC2/W:0               [100, 2]             200
gen/LSTM/86/FC2/b:0               [2]                    2
gen/LSTM/86/FC3/W:0               [2, 100]             200
gen/LSTM/86/FC3/b:0               [100]                100
gen/LSTM/86/attw:0                [87, 1, 1]            87
gen/LSTM/87/FC/W:0                [100, 100]         10000
gen/LSTM/87/FC/b:0                [100]                100
gen/LSTM/87/FC2/W:0               [100, 2]             200
gen/LSTM/87/FC2/b:0               [2]                    2
gen/LSTM/87/FC3/W:0               [2, 100]             200
gen/LSTM/87/FC3/b:0               [100]                100
gen/LSTM/87/attw:0                [88, 1, 1]            88
gen/LSTM/88/FC/W:0                [100, 100]         10000
gen/LSTM/88/FC/b:0                [100]                100
gen/LSTM/88/FC2/W:0               [100, 2]             200
gen/LSTM/88/FC2/b:0               [2]                    2
gen/LSTM/88/FC3/W:0               [2, 100]             200
gen/LSTM/88/FC3/b:0               [100]                100
gen/LSTM/88/attw:0                [89, 1, 1]            89
gen/LSTM/89/FC/W:0                [100, 100]         10000
gen/LSTM/89/FC/b:0                [100]                100
gen/LSTM/89/FC2/W:0               [100, 2]             200
gen/LSTM/89/FC2/b:0               [2]                    2
gen/LSTM/89/FC3/W:0               [2, 100]             200
gen/LSTM/89/FC3/b:0               [100]                100
gen/LSTM/89/attw:0                [90, 1, 1]            90
gen/LSTM/90/FC/W:0                [100, 100]         10000
gen/LSTM/90/FC/b:0                [100]                100
gen/LSTM/90/FC2/W:0               [100, 2]             200
gen/LSTM/90/FC2/b:0               [2]                    2
gen/LSTM/90/FC3/W:0               [2, 100]             200
gen/LSTM/90/FC3/b:0               [100]                100
gen/LSTM/90/attw:0                [91, 1, 1]            91
gen/LSTM/91/FC/W:0                [100, 100]         10000
gen/LSTM/91/FC/b:0                [100]                100
gen/LSTM/91/FC2/W:0               [100, 2]             200
gen/LSTM/91/FC2/b:0               [2]                    2
gen/LSTM/91/FC3/W:0               [2, 100]             200
gen/LSTM/91/FC3/b:0               [100]                100
gen/LSTM/91/attw:0                [92, 1, 1]            92
gen/LSTM/92/FC/W:0                [100, 100]         10000
gen/LSTM/92/FC/b:0                [100]                100
gen/LSTM/92/FC2/W:0               [100, 2]             200
gen/LSTM/92/FC2/b:0               [2]                    2
gen/LSTM/92/FC3/W:0               [2, 100]             200
gen/LSTM/92/FC3/b:0               [100]                100
gen/LSTM/92/attw:0                [93, 1, 1]            93
gen/LSTM/93/FC/W:0                [100, 100]         10000
gen/LSTM/93/FC/b:0                [100]                100
gen/LSTM/93/FC2/W:0               [100, 2]             200
gen/LSTM/93/FC2/b:0               [2]                    2
gen/LSTM/93/FC3/W:0               [2, 100]             200
gen/LSTM/93/FC3/b:0               [100]                100
gen/LSTM/93/attw:0                [94, 1, 1]            94
gen/LSTM/94/FC/W:0                [100, 100]         10000
gen/LSTM/94/FC/b:0                [100]                100
gen/LSTM/94/FC2/W:0               [100, 2]             200
gen/LSTM/94/FC2/b:0               [2]                    2
gen/LSTM/94/FC3/W:0               [2, 100]             200
gen/LSTM/94/FC3/b:0               [100]                100
gen/LSTM/94/attw:0                [95, 1, 1]            95
gen/LSTM/95/FC/W:0                [100, 100]         10000
gen/LSTM/95/FC/b:0                [100]                100
gen/LSTM/95/FC2/W:0               [100, 2]             200
gen/LSTM/95/FC2/b:0               [2]                    2
gen/LSTM/95/FC3/W:0               [2, 100]             200
gen/LSTM/95/FC3/b:0               [100]                100
gen/LSTM/95/attw:0                [96, 1, 1]            96
gen/LSTM/96/FC/W:0                [100, 100]         10000
gen/LSTM/96/FC/b:0                [100]                100
gen/LSTM/96/FC2/W:0               [100, 2]             200
gen/LSTM/96/FC2/b:0               [2]                    2
gen/LSTM/96/FC3/W:0               [2, 100]             200
gen/LSTM/96/FC3/b:0               [100]                100
gen/LSTM/96/attw:0                [97, 1, 1]            97
gen/LSTM/97/FC/W:0                [100, 100]         10000
gen/LSTM/97/FC/b:0                [100]                100
gen/LSTM/97/FC2/W:0               [100, 2]             200
gen/LSTM/97/FC2/b:0               [2]                    2
gen/LSTM/97/FC3/W:0               [2, 100]             200
gen/LSTM/97/FC3/b:0               [100]                100
gen/LSTM/97/attw:0                [98, 1, 1]            98
gen/LSTM/98/FC/W:0                [100, 100]         10000
gen/LSTM/98/FC/b:0                [100]                100
gen/LSTM/98/FC2/W:0               [100, 2]             200
gen/LSTM/98/FC2/b:0               [2]                    2
gen/LSTM/98/FC3/W:0               [2, 100]             200
gen/LSTM/98/FC3/b:0               [100]                100
gen/LSTM/98/attw:0                [99, 1, 1]            99
gen/LSTM/99/FC/W:0                [100, 100]         10000
gen/LSTM/99/FC/b:0                [100]                100
gen/LSTM/99/FC2/W:0               [100, 2]             200
gen/LSTM/99/FC2/b:0               [2]                    2
gen/LSTM/99/FC3/W:0               [2, 100]             200
gen/LSTM/99/FC3/b:0               [100]                100
gen/LSTM/99/attw:0                [100, 1, 1]          100
gen/LSTM/100/FC/W:0               [100, 100]         10000
gen/LSTM/100/FC/b:0               [100]                100
gen/LSTM/100/FC2/W:0              [100, 2]             200
gen/LSTM/100/FC2/b:0              [2]                    2
gen/LSTM/100/FC3/W:0              [2, 100]             200
gen/LSTM/100/FC3/b:0              [100]                100
gen/LSTM/100/attw:0               [101, 1, 1]          101
gen/LSTM/101/FC/W:0               [100, 100]         10000
gen/LSTM/101/FC/b:0               [100]                100
gen/LSTM/101/FC2/W:0              [100, 2]             200
gen/LSTM/101/FC2/b:0              [2]                    2
gen/LSTM/101/FC3/W:0              [2, 100]             200
gen/LSTM/101/FC3/b:0              [100]                100
gen/LSTM/101/attw:0               [102, 1, 1]          102
gen/LSTM/102/FC/W:0               [100, 100]         10000
gen/LSTM/102/FC/b:0               [100]                100
gen/LSTM/102/FC2/W:0              [100, 1]             100
gen/LSTM/102/FC2/b:0              [1]                    1
gen/LSTM/102/FC3/W:0              [1, 100]             100
gen/LSTM/102/FC3/b:0              [100]                100
gen/LSTM/102/attw:0               [103, 1, 1]          103
discrim/dis_fc0/fc/W:0            [387, 100]         38700
discrim/dis_fc0/fc/b:0            [100]                100
discrim/dis_fc0/fc_diversity/W:0  [100, 100]         10000
discrim/dis_fc0/fc_diversity/b:0  [100]                100
discrim/dis_fc0/bn/beta:0         [110]                110
discrim/dis_fc_top/W:0            [110, 1]             110
discrim/dis_fc_top/b:0            [1]                    1[36m
Number of trainable variables: 723
Number of parameters (elements): 1382564
Storage space needed for all trainable variables: 5.27MB[0m
[32m[0214 14:28:21 @base.py:209][0m Setup callbacks graph ...
[32m[0214 14:28:27 @summary.py:46][0m [MovingAverageSummary] 6 operations in collection 'MOVING_SUMMARY_OPS' will be run with session hooks.
[32m[0214 14:28:27 @summary.py:93][0m Summarizing collection 'summaries' of size 9.
[32m[0214 14:28:27 @graph.py:98][0m Applying collection UPDATE_OPS of 4 ops.
[32m[0214 14:28:46 @base.py:230][0m Creating the session ...
[32m[0214 14:29:18 @base.py:236][0m Initializing the session ...
[32m[0214 14:29:18 @base.py:243][0m Graph Finalized.
[32m[0214 14:29:22 @concurrency.py:38][0m Starting EnqueueThread QueueInput/input_queue ...
[32m[0214 14:29:34 @base.py:275][0m Start Epoch 1 ...
[32m[0214 14:41:54 @base.py:285][0m Epoch 1 (global_step 100) finished, time:12 minutes 19 seconds.
[32m[0214 14:42:08 @saver.py:79][0m Model saved to output\model\model-100.
[32m[0214 14:42:08 @monitor.py:467][0m GAN_loss/discrim/accuracy_fake: 0.69
[32m[0214 14:42:09 @monitor.py:467][0m GAN_loss/discrim/accuracy_real: 0.31
[32m[0214 14:42:09 @monitor.py:467][0m GAN_loss/discrim/loss: 0.69754
[32m[0214 14:42:09 @monitor.py:467][0m GAN_loss/gen/final-g-loss: 1.5303
[32m[0214 14:42:09 @monitor.py:467][0m GAN_loss/gen/klloss: 0.32071
[32m[0214 14:42:09 @monitor.py:467][0m GAN_loss/gen/loss: 1.2096
[32m[0214 14:42:09 @monitor.py:467][0m QueueInput/queue_size: 50
[32m[0214 14:42:09 @group.py:48][0m Callbacks took 14.987 sec in total. ModelSaver: 14.9 seconds
[32m[0214 14:42:09 @base.py:275][0m Start Epoch 2 ...
[32m[0214 14:53:27 @base.py:285][0m Epoch 2 (global_step 200) finished, time:11 minutes 18 seconds.
[32m[0214 14:53:28 @saver.py:79][0m Model saved to output\model\model-200.
[32m[0214 14:53:28 @monitor.py:467][0m GAN_loss/discrim/accuracy_fake: 0.79
[32m[0214 14:53:28 @monitor.py:467][0m GAN_loss/discrim/accuracy_real: 0.25
[32m[0214 14:53:28 @monitor.py:467][0m GAN_loss/discrim/loss: 0.66582
[32m[0214 14:53:28 @monitor.py:467][0m GAN_loss/gen/final-g-loss: 1.4606
[32m[0214 14:53:28 @monitor.py:467][0m GAN_loss/gen/klloss: 0.30488
[32m[0214 14:53:28 @monitor.py:467][0m GAN_loss/gen/loss: 1.1557
[32m[0214 14:53:28 @monitor.py:467][0m QueueInput/queue_size: 50
[32m[0214 14:53:28 @base.py:275][0m Start Epoch 3 ...
[32m[0214 15:04:44 @base.py:285][0m Epoch 3 (global_step 300) finished, time:11 minutes 15 seconds.
[32m[0214 15:04:45 @saver.py:79][0m Model saved to output\model\model-300.
[32m[0214 15:04:45 @monitor.py:467][0m GAN_loss/discrim/accuracy_fake: 0.89
[32m[0214 15:04:45 @monitor.py:467][0m GAN_loss/discrim/accuracy_real: 0.22
[32m[0214 15:04:45 @monitor.py:467][0m GAN_loss/discrim/loss: 0.63641
[32m[0214 15:04:45 @monitor.py:467][0m GAN_loss/gen/final-g-loss: 1.5106
[32m[0214 15:04:45 @monitor.py:467][0m GAN_loss/gen/klloss: 0.35839
[32m[0214 15:04:45 @monitor.py:467][0m GAN_loss/gen/loss: 1.1522
[32m[0214 15:04:45 @monitor.py:467][0m QueueInput/queue_size: 50
[32m[0214 15:04:45 @base.py:275][0m Start Epoch 4 ...
[32m[0214 15:16:40 @base.py:285][0m Epoch 4 (global_step 400) finished, time:11 minutes 55 seconds.
[32m[0214 15:16:44 @saver.py:79][0m Model saved to output\model\model-400.
[32m[0214 15:16:44 @monitor.py:467][0m GAN_loss/discrim/accuracy_fake: 0.89
[32m[0214 15:16:44 @monitor.py:467][0m GAN_loss/discrim/accuracy_real: 0.27
[32m[0214 15:16:44 @monitor.py:467][0m GAN_loss/discrim/loss: 0.63449
[32m[0214 15:16:44 @monitor.py:467][0m GAN_loss/gen/final-g-loss: 1.3907
[32m[0214 15:16:44 @monitor.py:467][0m GAN_loss/gen/klloss: 0.27092
[32m[0214 15:16:44 @monitor.py:467][0m GAN_loss/gen/loss: 1.1198
[32m[0214 15:16:44 @monitor.py:467][0m QueueInput/queue_size: 50
[32m[0214 15:16:44 @group.py:48][0m Callbacks took 3.346 sec in total. ModelSaver: 3.23 seconds
[32m[0214 15:16:44 @base.py:275][0m Start Epoch 5 ...
[32m[0214 15:24:49 @base.py:285][0m Epoch 5 (global_step 500) finished, time:8 minutes 5 seconds.
[32m[0214 15:24:49 @saver.py:79][0m Model saved to output\model\model-500.
[32m[0214 15:24:49 @monitor.py:467][0m GAN_loss/discrim/accuracy_fake: 0.9
[32m[0214 15:24:49 @monitor.py:467][0m GAN_loss/discrim/accuracy_real: 0.27
[32m[0214 15:24:49 @monitor.py:467][0m GAN_loss/discrim/loss: 0.62971
[32m[0214 15:24:49 @monitor.py:467][0m GAN_loss/gen/final-g-loss: 1.4846
[32m[0214 15:24:49 @monitor.py:467][0m GAN_loss/gen/klloss: 0.31481
[32m[0214 15:24:49 @monitor.py:467][0m GAN_loss/gen/loss: 1.1698
[32m[0214 15:24:49 @monitor.py:467][0m QueueInput/queue_size: 50
[32m[0214 15:24:49 @base.py:289][0m Training has finished!
[32m[0214 15:25:12 @input_source.py:178][0m EnqueueThread QueueInput/input_queue Exited.
[32m[0214 15:25:47 @collection.py:146][0m New collections created in tower : tf.GraphKeys.REGULARIZATION_LOSSES
[32m[0214 15:25:47 @collection.py:165][0m These collections were modified but restored in : (tf.GraphKeys.SUMMARIES: 0->2)
[32m[0214 15:25:47 @sessinit.py:87][0m [5m[31mWRN[0m The following variables are in the checkpoint, but not found in the graph: global_step, optimize/beta1_power, optimize/beta2_power
[32m[0214 15:26:09 @sessinit.py:114][0m Restoring checkpoint from output\model\model-500 ...
                                                                  [32m[0214 15:29:32 @collection.py:146][0m New collections created in tower : tf.GraphKeys.REGULARIZATION_LOSSES
[32m[0214 15:29:32 @collection.py:165][0m These collections were modified but restored in : (tf.GraphKeys.SUMMARIES: 0->2)
[32m[0214 15:29:32 @sessinit.py:87][0m [5m[31mWRN[0m The following variables are in the checkpoint, but not found in the graph: global_step, optimize/beta1_power, optimize/beta2_power
[32m[0214 15:29:47 @sessinit.py:114][0m Restoring checkpoint from output\model\model-500 ...
